#
# A fatal error has been detected by the Java Runtime Environment:
#
#  EXCEPTION_ACCESS_VIOLATION (0xc0000005) at pc=0x0000000072120d66, pid=19020, tid=0x0000000000005464
#
# JRE version: OpenJDK Runtime Environment (8.0_262-b10) (build 1.8.0_262-b10)
# Java VM: OpenJDK 64-Bit Server VM (25.262-b10 mixed mode windows-amd64 compressed oops)
# Problematic frame:
# V  [jvm.dll+0x1f0d66]
#
# Failed to write core dump. Minidumps are not enabled by default on client versions of Windows
#
# If you would like to submit a bug report, please visit:
#   http://bugreport.java.com/bugreport/crash.jsp
#

---------------  T H R E A D  ---------------

Current thread (0x0000000002ba2800):  JavaThread "main" [_thread_in_vm, id=21604, stack(0x0000000002aa0000,0x0000000002ba0000)]

siginfo: ExceptionCode=0xc0000005, reading address 0x0000000000000000

Registers:
RAX=0x0000000000000000, RBX=0x0000000002ba2800, RCX=0x0000000000000001, RDX=0x0000000002b9f0e8
RSP=0x0000000002b9f000, RBP=0x00000000feb32948, RSI=0x0000000000000001, RDI=0x0000000002b9f0c8
R8 =0x0000000000000001, R9 =0x00000000feb32948, R10=0x00007ffde8550682, R11=0x0000000002dac458
R12=0x0000000000000000, R13=0x0000000002b9f120, R14=0x0000000002b9f0e8, R15=0x0000000002ba2800
RIP=0x0000000072120d66, EFLAGS=0x0000000000010206

Top of Stack: (sp=0x0000000002b9f000)
0x0000000002b9f000:   0000000002ba2800 0000000000000001
0x0000000002b9f010:   0000000002bb52c0 0000000002ba2800
0x0000000002b9f020:   0000000002ba2800 0000000072089c94
0x0000000002b9f030:   0000000012a936f8 0000000002bb52c0
0x0000000002b9f040:   0000000002a38bc0 0000000071fd7c1b
0x0000000002b9f050:   0000000002ba2800 0000000012a93788
0x0000000002b9f060:   0000000002ba2800 0000000012a79898
0x0000000002b9f070:   0000000000000000 0000000002dac53d
0x0000000002b9f080:   0000000000000000 0000000012a79898
0x0000000002b9f090:   0000000002b9f100 0000000012a90cc8
0x0000000002b9f0a0:   0000000002b9f0c8 0000000000000000
0x0000000002b9f0b0:   0000000000000000 00000000feb32948
0x0000000002b9f0c0:   0000000000000000 00000000feb32948
0x0000000002b9f0d0:   0000000012a8e8c8 00000000000000b8
0x0000000002b9f0e0:   0000000002b9f198 00000000feb00c78
0x0000000002b9f0f0:   0000000002a36600 00000000000000b8 

Instructions: (pc=0x0000000072120d66)
0x0000000072120d46:   1b 00 48 8b c3 48 83 c4 20 5b c3 33 c0 48 83 c4
0x0000000072120d56:   20 5b c3 cc cc cc cc cc cc cc 40 53 48 83 ec 20
0x0000000072120d66:   48 8b 59 ff 48 85 db 74 11 80 3d 3c 10 5b 00 00
0x0000000072120d76:   74 08 48 8b cb e8 e0 f3 1b 00 48 8b c3 48 83 c4 


Register to memory mapping:

RAX=0x0000000000000000 is an unknown value
RBX=0x0000000002ba2800 is a thread
RCX=0x0000000000000001 is an unknown value
RDX=0x0000000002b9f0e8 is pointing into the stack for thread: 0x0000000002ba2800
RSP=0x0000000002b9f000 is pointing into the stack for thread: 0x0000000002ba2800
RBP=0x00000000feb32948 is an oop
[Ljava.lang.Thread; 
 - klass: 'java/lang/Thread'[]
 - length: 4
RSI=0x0000000000000001 is an unknown value
RDI=0x0000000002b9f0c8 is pointing into the stack for thread: 0x0000000002ba2800
R8 =0x0000000000000001 is an unknown value
R9 =0x00000000feb32948 is an oop
[Ljava.lang.Thread; 
 - klass: 'java/lang/Thread'[]
 - length: 4
R10=0x00007ffde8550682 is an unknown value
R11=0x0000000002dac458 is at entry_point+24 in (nmethod*)0x0000000002dac2d0
R12=0x0000000000000000 is an unknown value
R13=0x0000000002b9f120 is pointing into the stack for thread: 0x0000000002ba2800
R14=0x0000000002b9f0e8 is pointing into the stack for thread: 0x0000000002ba2800
R15=0x0000000002ba2800 is a thread


Stack: [0x0000000002aa0000,0x0000000002ba0000],  sp=0x0000000002b9f000,  free space=1020k
Native frames: (J=compiled Java code, j=interpreted, Vv=VM code, C=native code)
V  [jvm.dll+0x1f0d66]
V  [jvm.dll+0x159c94]
C  0x0000000002dac53d

Java frames: (J=compiled Java code, j=interpreted, Vv=VM code)
J 12  java.lang.System.arraycopy(Ljava/lang/Object;ILjava/lang/Object;II)V (0 bytes) @ 0x0000000002dac4bb [0x0000000002dac440+0x7b]
j  java.lang.ThreadGroup.remove(Ljava/lang/Thread;)V+59
j  java.lang.ThreadGroup.threadTerminated(Ljava/lang/Thread;)V+6
j  java.lang.Thread.exit()V+12
v  ~StubRoutines::call_stub

---------------  P R O C E S S  ---------------

Java Threads: ( => current thread )
  0x00000000152cd800 JavaThread "Service Thread" daemon [_thread_blocked, id=7744, stack(0x0000000015f60000,0x0000000016060000)]
  0x0000000015283000 JavaThread "C1 CompilerThread3" daemon [_thread_blocked, id=19316, stack(0x0000000015e60000,0x0000000015f60000)]
  0x0000000015280000 JavaThread "C2 CompilerThread2" daemon [_thread_blocked, id=2252, stack(0x0000000015d60000,0x0000000015e60000)]
  0x000000001527a000 JavaThread "C2 CompilerThread1" daemon [_thread_blocked, id=3720, stack(0x0000000015c60000,0x0000000015d60000)]
  0x0000000015275000 JavaThread "C2 CompilerThread0" daemon [_thread_in_vm, id=3684, stack(0x0000000015b60000,0x0000000015c60000)]
  0x000000001526f800 JavaThread "Attach Listener" daemon [_thread_blocked, id=1588, stack(0x0000000015a60000,0x0000000015b60000)]
  0x000000001526e000 JavaThread "Signal Dispatcher" daemon [_thread_blocked, id=12476, stack(0x0000000015960000,0x0000000015a60000)]
  0x0000000015261800 JavaThread "Finalizer" daemon [_thread_blocked, id=1376, stack(0x0000000015740000,0x0000000015840000)]
  0x0000000015260800 JavaThread "Reference Handler" daemon [_thread_blocked, id=18956, stack(0x0000000015640000,0x0000000015740000)]
=>0x0000000002ba2800 JavaThread "main" [_thread_in_vm, id=21604, stack(0x0000000002aa0000,0x0000000002ba0000)]

Other Threads:
  0x0000000013447000 VMThread [stack: 0x0000000015140000,0x0000000015240000] [id=22592]
  0x00000000152cf000 WatcherThread [stack: 0x0000000016060000,0x0000000016160000] [id=16168]

VM state:not at safepoint (normal execution)

VM Mutex/Monitor currently owned by a thread: None

heap address: 0x00000000fc000000, size: 64 MB, Compressed Oops mode: 32-bit
Narrow klass base: 0x0000000000000000, Narrow klass shift: 3
Compressed class space size: 1073741824 Address: 0x0000000100000000

Heap:
 PSYoungGen      total 18944K, used 655K [0x00000000feb00000, 0x0000000100000000, 0x0000000100000000)
  eden space 16384K, 4% used [0x00000000feb00000,0x00000000feba3e28,0x00000000ffb00000)
  from space 2560K, 0% used [0x00000000ffd80000,0x00000000ffd80000,0x0000000100000000)
  to   space 2560K, 0% used [0x00000000ffb00000,0x00000000ffb00000,0x00000000ffd80000)
 ParOldGen       total 44032K, used 0K [0x00000000fc000000, 0x00000000feb00000, 0x00000000feb00000)
  object space 44032K, 0% used [0x00000000fc000000,0x00000000fc000000,0x00000000feb00000)
 Metaspace       used 2328K, capacity 4480K, committed 4480K, reserved 1056768K
  class space    used 248K, capacity 384K, committed 384K, reserved 1048576K

Card table byte_map: [0x00000000029f0000,0x0000000002a20000] byte_map_base: 0x0000000002210000

Marking Bits: (ParMarkBitMap*) 0x00000000726dbe90
 Begin Bits: [0x0000000012860000, 0x0000000012960000)
 End Bits:   [0x0000000012960000, 0x0000000012a60000)

Polling page: 0x00000000029c0000

CodeCache: size=245760Kb used=1076Kb max_used=1076Kb free=244683Kb
 bounds [0x0000000002ca0000, 0x0000000002f10000, 0x0000000011ca0000]
 total_blobs=225 nmethods=12 adapters=142
 compilation: enabled

Compilation events (10 events):
Event: 0.322 Thread 0x0000000015283000    7       3       java.lang.CharacterDataLatin1::getProperties (11 bytes)
Event: 0.322 Thread 0x0000000015283000 nmethod 7 0x0000000002dab550 code [0x0000000002dab6a0, 0x0000000002dab830]
Event: 0.322 Thread 0x0000000015283000    8       3       java.lang.Character::toLowerCase (9 bytes)
Event: 0.322 Thread 0x0000000015283000 nmethod 8 0x0000000002dab910 code [0x0000000002daba80, 0x0000000002dabcb8]
Event: 0.322 Thread 0x0000000015283000    9       3       java.lang.CharacterDataLatin1::toLowerCase (39 bytes)
Event: 0.322 Thread 0x0000000015283000 nmethod 9 0x0000000002dabd90 code [0x0000000002dabf00, 0x0000000002dac170]
Event: 0.322 Thread 0x0000000015283000   11       3       java.lang.Object::<init> (1 bytes)
Event: 0.322 Thread 0x0000000015283000 nmethod 11 0x0000000002dac690 code [0x0000000002dac7e0, 0x0000000002dac930]
Event: 0.322 Thread 0x0000000015283000   10       3       java.lang.AbstractStringBuilder::append (29 bytes)
Event: 0.323 Thread 0x0000000015283000 nmethod 10 0x0000000002dac9d0 code [0x0000000002dacb80, 0x0000000002dad0b8]

GC Heap History (0 events):
No events

Deoptimization events (0 events):
No events

Classes redefined (0 events):
No events

Internal exceptions (6 events):
Event: 0.217 Thread 0x0000000002ba2800 Exception <a 'java/lang/NoSuchMethodError': Method sun.misc.Unsafe.defineClass(Ljava/lang/String;[BII)Ljava/lang/Class; name or signature does not match> (0x00000000feb07cc0) thrown at [C:\cygwin64\tmp\build\source\java-1.8.0-openjdk\tmp\jdk8u\hotspot\src
Event: 0.219 Thread 0x0000000002ba2800 Exception <a 'java/lang/NoSuchMethodError': Method sun.misc.Unsafe.prefetchRead(Ljava/lang/Object;J)V name or signature does not match> (0x00000000feb07fa8) thrown at [C:\cygwin64\tmp\build\source\java-1.8.0-openjdk\tmp\jdk8u\hotspot\src\share\vm\prims\jn
Event: 0.322 Thread 0x0000000002ba2800 Exception <a 'java/lang/NullPointerException'> (0x00000000feb5ae60) thrown at [C:\cygwin64\tmp\build\source\java-1.8.0-openjdk\tmp\jdk8u\hotspot\src\share\vm\prims\jvm.cpp, line 318]
Event: 0.322 Thread 0x0000000002ba2800 Exception <a 'java/lang/NullPointerException'> (0x00000000feb5ae60) thrown at [C:\cygwin64\tmp\build\source\java-1.8.0-openjdk\tmp\jdk8u\hotspot\src\share\vm\prims\jvm.cpp, line 1516]
Event: 0.323 Thread 0x0000000002ba2800 Exception <a 'java/lang/NullPointerException'> (0x00000000feb5ae60) thrown at [C:\cygwin64\tmp\build\source\java-1.8.0-openjdk\tmp\jdk8u\hotspot\src\share\vm\prims\jvm.cpp, line 1516]
Event: 0.326 Thread 0x0000000002ba2800 Exception <a 'java/lang/NullPointerException'> (0x00000000feb5b5f0) thrown at [C:\cygwin64\tmp\build\source\java-1.8.0-openjdk\tmp\jdk8u\hotspot\src\share\vm\prims\jvm.cpp, line 318]

Events (10 events):
Event: 0.323 loading class java/lang/Throwable$WrappedPrintStream
Event: 0.324 loading class java/lang/Throwable$PrintStreamOrWriter
Event: 0.324 loading class java/lang/Throwable$PrintStreamOrWriter done
Event: 0.324 loading class java/lang/Throwable$WrappedPrintStream done
Event: 0.324 loading class java/util/IdentityHashMap
Event: 0.324 loading class java/util/IdentityHashMap done
Event: 0.324 loading class java/util/IdentityHashMap$KeySet
Event: 0.326 loading class java/util/IdentityHashMap$KeySet done
Event: 0.326 loading class java/io/InterruptedIOException
Event: 0.327 loading class java/io/InterruptedIOException done


Dynamic libraries:
0x00007ff7e9830000 - 0x00007ff7e9865000 	C:\Program Files\OpenJDK\openjdk-8u262-b10\bin\java.exe
0x00007ffe50fb0000 - 0x00007ffe511a5000 	C:\Windows\SYSTEM32\ntdll.dll
0x00007ffe4f270000 - 0x00007ffe4f32d000 	C:\Windows\System32\KERNEL32.DLL
0x00007ffe4e970000 - 0x00007ffe4ec39000 	C:\Windows\System32\KERNELBASE.dll
0x00007ffe4f020000 - 0x00007ffe4f0cc000 	C:\Windows\System32\ADVAPI32.dll
0x00007ffe50d20000 - 0x00007ffe50dbe000 	C:\Windows\System32\msvcrt.dll
0x00007ffe50df0000 - 0x00007ffe50e8c000 	C:\Windows\System32\sechost.dll
0x00007ffe50260000 - 0x00007ffe5038b000 	C:\Windows\System32\RPCRT4.dll
0x00007ffe4f460000 - 0x00007ffe4f600000 	C:\Windows\System32\USER32.dll
0x00007ffe4ee70000 - 0x00007ffe4ee92000 	C:\Windows\System32\win32u.dll
0x00007ffe50dc0000 - 0x00007ffe50dea000 	C:\Windows\System32\GDI32.dll
0x00007ffe4ef00000 - 0x00007ffe4f00b000 	C:\Windows\System32\gdi32full.dll
0x00007ffe4e8a0000 - 0x00007ffe4e93d000 	C:\Windows\System32\msvcp_win.dll
0x00007ffe4e6f0000 - 0x00007ffe4e7f0000 	C:\Windows\System32\ucrtbase.dll
0x00007ffe3a2c0000 - 0x00007ffe3a55a000 	C:\Windows\WinSxS\amd64_microsoft.windows.common-controls_6595b64144ccf1df_6.0.19041.844_none_ca00b6081b84eb1d\COMCTL32.dll
0x00007ffe503f0000 - 0x00007ffe50420000 	C:\Windows\System32\IMM32.DLL
0x0000000074680000 - 0x0000000074752000 	C:\Program Files\OpenJDK\openjdk-8u262-b10\jre\bin\msvcr100.dll
0x0000000071f30000 - 0x0000000072758000 	C:\Program Files\OpenJDK\openjdk-8u262-b10\jre\bin\server\jvm.dll
0x00007ffe4f010000 - 0x00007ffe4f018000 	C:\Windows\System32\PSAPI.DLL
0x00007ffe2c790000 - 0x00007ffe2c799000 	C:\Windows\SYSTEM32\WSOCK32.dll
0x00007ffe3d6d0000 - 0x00007ffe3d6f7000 	C:\Windows\SYSTEM32\WINMM.dll
0x00007ffe3f7e0000 - 0x00007ffe3f7ea000 	C:\Windows\SYSTEM32\VERSION.dll
0x00007ffe4f9c0000 - 0x00007ffe4fa2b000 	C:\Windows\System32\WS2_32.dll
0x00007ffe2a2f0000 - 0x00007ffe2a2ff000 	C:\Program Files\OpenJDK\openjdk-8u262-b10\jre\bin\verify.dll
0x00007ffde8540000 - 0x00007ffde8569000 	C:\Program Files\OpenJDK\openjdk-8u262-b10\jre\bin\java.dll
0x00007ffdf28d0000 - 0x00007ffdf28e6000 	C:\Program Files\OpenJDK\openjdk-8u262-b10\jre\bin\zip.dll
0x00007ffe4fb10000 - 0x00007ffe50252000 	C:\Windows\System32\SHELL32.dll
0x00007ffe4c810000 - 0x00007ffe4cfa0000 	C:\Windows\SYSTEM32\windows.storage.dll
0x00007ffe50440000 - 0x00007ffe50795000 	C:\Windows\System32\combase.dll
0x00007ffe4e090000 - 0x00007ffe4e0bc000 	C:\Windows\SYSTEM32\Wldp.dll
0x00007ffe50c70000 - 0x00007ffe50d1e000 	C:\Windows\System32\SHCORE.dll
0x00007ffe4f840000 - 0x00007ffe4f895000 	C:\Windows\System32\shlwapi.dll
0x00007ffe4e630000 - 0x00007ffe4e64f000 	C:\Windows\SYSTEM32\profapi.dll
0x00007ffe36150000 - 0x00007ffe36334000 	C:\Windows\SYSTEM32\dbghelp.dll
0x00007ffe4ec40000 - 0x00007ffe4ecc0000 	C:\Windows\System32\bcryptPrimitives.dll

VM Arguments:
jvm_args: -Xmx64m -Xms64m -Dorg.gradle.appname=gradlew 
java_command: org.gradle.wrapper.GradleWrapperMain app:installDebug -PreactNativeDevServerPort=8081
java_class_path (initial): C:\Users\jpsto\Desktop\WilugApp\android\\gradle\wrapper\gradle-wrapper.jar
Launcher Type: SUN_STANDARD

Environment Variables:
JAVA_HOME=C:\Program Files\OpenJDK\openjdk-8u262-b10
CLASSPATH=C:\Users\jpsto\Desktop\WilugApp\android\\gradle\wrapper\gradle-wrapper.jar
PATH=C:\Users\jpsto\Desktop\WilugApp\android\node_modules\.bin;C:\Users\jpsto\Desktop\WilugApp\node_modules\.bin;C:\Users\jpsto\Desktop\node_modules\.bin;C:\Users\jpsto\node_modules\.bin;C:\Users\node_modules\.bin;C:\node_modules\.bin;C:\Users\jpsto\Desktop\WilugApp\node_modules\node\bin;C:\Users\jpsto\Desktop\WilugApp\node_modules\.bin;C:\Python27\;C:\Python27\Scripts;C:\Program Files (x86)\Common Files\Oracle\Java\javapath;C:\ProgramData\Oracle\Java\javapath;C:\Windows\system32;C:\Windows;C:\Windows\System32\Wbem;C:\Windows\System32\WindowsPowerShell\v1.0\;C:\Windows\System32\OpenSSH\;C:\Program Files\Git\cmd;C:\Program Files\dotnet\;C:\Program Files\Microsoft SQL Server\130\Tools\Binn\;C:\Program Files\Microsoft SQL Server\Client SDK\ODBC\170\Tools\Binn\;C:\Program Files\PuTTY\;C:\Program Files\PostgreSQL\12\bin;C:\Program Files\MongoDB\Server\4.4\bin;C:\Program Files\NVIDIA Corporation\NVIDIA NvDLISR;C:\Program Files (x86)\NVIDIA Corporation\PhysX\Common;C:\Gradle\gradle-6.6.1\bin;C:\ProgramData\chocolatey\bin;C:\Program Files\nodejs\;C:\Users\jpsto\AppData\Local\Android\Sdk\platform-tools;C:\Program Files\OpenJDK\openjdk-8u262-b10\bin;C:\Program Files (x86)\Yarn\bin\;C:\Program Files\Docker\Docker\resources\bin;C:\ProgramData\DockerDesktop\version-bin;C:\Program Files\Amazon\AWSCLIV2\;C:\Go\bin;C:\Program Files (x86)\Microsoft SQL Server\150\Tools\Binn\;C:\Program Files\Microsoft SQL Server\150\Tools\Binn\;C:\Program Files\Microsoft SQL Server\150\DTS\Binn\;C:\Program Files (x86)\Microsoft SQL Server\150\DTS\Binn\;C:\Program Files\Azure Data Studio\bin;C:\Program Files (x86)\dotnet\;C:\Users\jpsto\AppData\Local\Microsoft\WindowsApps;C:\Users\jpsto\AppData\Local\Programs\Microsoft VS Code\bin;C:\Users\jpsto\.dotnet\tools;C:\Program Files\heroku\bin;C:\Users\jpsto\AppData\Roaming\npm;C:\Users\jpsto\AppData\Local\Yarn\bin;C:\Users\jpsto\go\bin
USERNAME=jpsto
OS=Windows_NT
PROCESSOR_IDENTIFIER=Intel64 Family 6 Model 158 Stepping 9, GenuineIntel



---------------  S Y S T E M  ---------------

OS: Windows 10.0 , 64 bit Build 19041 (10.0.19041.804)

CPU:total 8 (initial active 8) (4 cores per cpu, 2 threads per core) family 6 model 158 stepping 9, cmov, cx8, fxsr, mmx, sse, sse2, sse3, ssse3, sse4.1, sse4.2, popcnt, avx, avx2, aes, clmul, erms, 3dnowpref, lzcnt, ht, tsc, tscinvbit, bmi1, bmi2, adx

Memory: 4k page, physical 16655324k(6754536k free), swap 22946780k(7343068k free)

vm_info: OpenJDK 64-Bit Server VM (25.262-b10) for windows-amd64 JRE (1.8.0_262-b10), built on Jul 13 2020 11:27:33 by "build" with MS VC++ 10.0 (VS2010)

time: Sun Mar 14 20:50:17 2021
timezone: Hora verano Sudamérica Pacífico
elapsed time: 0 seconds (0d 0h 0m 0s)

